0 info it worked if it ends with ok
1 verbose cli [ '/usr/local/bin/node',
1 verbose cli   '/Users/gu/.npm-packages/bin/npm',
1 verbose cli   'start' ]
2 info using npm@4.0.5
3 info using node@v7.6.0
4 verbose run-script [ 'prestart', 'start', 'poststart' ]
5 info lifecycle WTFH@0.1.0~prestart: WTFH@0.1.0
6 silly lifecycle WTFH@0.1.0~prestart: no script for prestart, continuing
7 info lifecycle WTFH@0.1.0~start: WTFH@0.1.0
8 verbose lifecycle WTFH@0.1.0~start: unsafe-perm in lifecycle true
9 verbose lifecycle WTFH@0.1.0~start: PATH: /Users/gu/.npm-packages/lib/node_modules/npm/bin/node-gyp-bin:/Users/gu/Desktop/wtfh/server/node_modules/.bin:/Users/gu/google-cloud-sdk/bin:/Library/Frameworks/Python.framework/Versions/2.7/bin:/Library/Frameworks/Python.framework/Versions/3.5/bin:/opt/local/bin:/opt/local/sbin:/Users/gu/.npm-packages/bin:/Users/gu/.npm-packages/bin:/Users/gu/.npm-packages/bin:/Users/gu/google-cloud-sdk/bin:/Users/gu/.npm-packages/bin:/usr/local/bin:/usr/bin:/bin:/usr/sbin:/sbin:/opt/X11/bin:/Users/gu/google-cloud-sdk/bin:/Library/Frameworks/Python.framework/Versions/2.7/bin:/Library/Frameworks/Python.framework/Versions/3.5/bin:/opt/local/bin:/opt/local/sbin:/Users/gu/.npm-packages/bin:/Users/gu/Library/Android/sdk//platform-tools:/Users/gu/Library/Android/sdk//tools:/Users/gu/Library/Android/sdk//platform-tools:/Users/gu/Library/Android/sdk//tools
10 verbose lifecycle WTFH@0.1.0~start: CWD: /Users/gu/Desktop/wtfh/server
11 silly lifecycle WTFH@0.1.0~start: Args: [ '-c', 'node server.js' ]
12 silly lifecycle WTFH@0.1.0~start: Returned: code: 1  signal: null
13 info lifecycle WTFH@0.1.0~start: Failed to exec start script
14 verbose stack Error: WTFH@0.1.0 start: `node server.js`
14 verbose stack Exit status 1
14 verbose stack     at EventEmitter.<anonymous> (/Users/gu/.npm-packages/lib/node_modules/npm/lib/utils/lifecycle.js:279:16)
14 verbose stack     at emitTwo (events.js:106:13)
14 verbose stack     at EventEmitter.emit (events.js:192:7)
14 verbose stack     at ChildProcess.<anonymous> (/Users/gu/.npm-packages/lib/node_modules/npm/lib/utils/spawn.js:40:14)
14 verbose stack     at emitTwo (events.js:106:13)
14 verbose stack     at ChildProcess.emit (events.js:192:7)
14 verbose stack     at maybeClose (internal/child_process.js:890:16)
14 verbose stack     at Process.ChildProcess._handle.onexit (internal/child_process.js:226:5)
15 verbose pkgid WTFH@0.1.0
16 verbose cwd /Users/gu/Desktop/wtfh/server
17 error Darwin 16.5.0
18 error argv "/usr/local/bin/node" "/Users/gu/.npm-packages/bin/npm" "start"
19 error node v7.6.0
20 error npm  v4.0.5
21 error code ELIFECYCLE
22 error WTFH@0.1.0 start: `node server.js`
22 error Exit status 1
23 error Failed at the WTFH@0.1.0 start script 'node server.js'.
23 error Make sure you have the latest version of node.js and npm installed.
23 error If you do, this is most likely a problem with the WTFH package,
23 error not with npm itself.
23 error Tell the author that this fails on your system:
23 error     node server.js
23 error You can get information on how to open an issue for this project with:
23 error     npm bugs WTFH
23 error Or if that isn't available, you can get their info via:
23 error     npm owner ls WTFH
23 error There is likely additional logging output above.
24 verbose exit [ 1, true ]
